<?xml version="1.0" encoding="UTF-8"?>
<!-- Generated by org.testng.reporters.JUnitXMLReporter -->
<testsuite hostname="EPINHYDW0897" name="Default test" tests="3" failures="0" timestamp="24 Jan 2017 12:21:07 GMT" time="0.018" errors="0">
  <testcase name="@BeforeClass setupDriver" time="0.0" classname="com.animana.scenario.Animana">
    <failure type="org.testng.TestNGException" message="
Parameter &amp;apos;Browser&amp;apos; is required by @Configuration on method setupDriver but has not been marked @Optional or defined
in C:\Users\Suchismita_Ghadei\AppData\Local\Temp\testng-eclipse-1436144059\testng-customsuite.xml">
      <![CDATA[org.testng.TestNGException: 
Parameter 'Browser' is required by @Configuration on method setupDriver but has not been marked @Optional or defined
in C:\Users\Suchismita_Ghadei\AppData\Local\Temp\testng-eclipse-1436144059\testng-customsuite.xml
	at org.testng.internal.Parameters.createParameters(Parameters.java:155)
	at org.testng.internal.Parameters.createParameters(Parameters.java:355)
	at org.testng.internal.Parameters.createConfigurationParameters(Parameters.java:86)
	at org.testng.internal.Invoker.invokeConfigurations(Invoker.java:199)
	at org.testng.internal.Invoker.invokeConfigurations(Invoker.java:138)
	at org.testng.internal.TestMethodWorker.invokeBeforeClassMethods(TestMethodWorker.java:175)
	at org.testng.internal.TestMethodWorker.run(TestMethodWorker.java:107)
	at org.testng.TestRunner.privateRun(TestRunner.java:767)
	at org.testng.TestRunner.run(TestRunner.java:617)
	at org.testng.SuiteRunner.runTest(SuiteRunner.java:334)
	at org.testng.SuiteRunner.runSequentially(SuiteRunner.java:329)
	at org.testng.SuiteRunner.privateRun(SuiteRunner.java:291)
	at org.testng.SuiteRunner.run(SuiteRunner.java:240)
	at org.testng.SuiteRunnerWorker.runSuite(SuiteRunnerWorker.java:52)
	at org.testng.SuiteRunnerWorker.run(SuiteRunnerWorker.java:86)
	at org.testng.TestNG.runSuitesSequentially(TestNG.java:1198)
	at org.testng.TestNG.runSuitesLocally(TestNG.java:1123)
	at org.testng.TestNG.run(TestNG.java:1031)
	at org.testng.remote.AbstractRemoteTestNG.run(AbstractRemoteTestNG.java:132)
	at org.testng.remote.RemoteTestNG.initAndRun(RemoteTestNG.java:236)
	at org.testng.remote.RemoteTestNG.main(RemoteTestNG.java:81)
]]>
    </failure>
  </testcase> <!-- @BeforeClass setupDriver -->
  <testcase name="@AfterClass tearDown" time="0.0" classname="com.animana.scenario.Animana">
    <skipped/>
  </testcase> <!-- @AfterClass tearDown -->
  <testcase name="login" time="0.0" classname="com.animana.scenario.Animana">
    <skipped/>
  </testcase> <!-- login -->
  <testcase name="selectLocation" time="0.0" classname="com.animana.scenario.Animana">
    <skipped/>
  </testcase> <!-- selectLocation -->
  <testcase name="searchWithOption" time="0.0" classname="com.animana.scenario.Animana">
    <skipped/>
  </testcase> <!-- searchWithOption -->
</testsuite> <!-- Default test -->
